<?xml version="1.0" encoding="UTF-8"?>
<!-- Generated by org.testng.reporters.JUnitXMLReporter -->
<testsuite hostname="QA-Alex-PC" name="Test p2" tests="3" failures="0" timestamp="13 Dec 2015 16:55:53 GMT" time="20.04" errors="0">
  <testcase name="loadPage" time="5.504" classname="com.facebook.Login_test"/>
  <testcase name="fillUser" time="0.169" classname="com.facebook.Login_test"/>
  <testcase name="fillPass" time="0.09" classname="com.facebook.Login_test"/>
</testsuite> <!-- Test p2 -->
