<?xml version="1.0" encoding="UTF-8"?>
<testng-results skipped="0" failed="1" total="2" passed="1">
  <reporter-output>
    <line>
      <![CDATA[STEP1]]>
    </line>
    <line>
      <![CDATA[STEP2]]>
    </line>
    <line>
      <![CDATA[STEP3]]>
    </line>
  </reporter-output>
  <suite name="Suite" duration-ms="82692" started-at="2016-02-07T15:48:56Z" finished-at="2016-02-07T15:50:19Z">
    <groups>
    </groups>
    <test name="Test" duration-ms="82692" started-at="2016-02-07T15:48:56Z" finished-at="2016-02-07T15:50:19Z">
      <class name="com.automation.main.TestCaseSearchCourseInMoveWindow">
        <test-method status="PASS" signature="setup()[pri:0, instance:com.automation.main.TestCaseSearchCourseInMoveWindow@783e6358]" name="setup" is-config="true" duration-ms="7571" started-at="2016-02-07T17:48:56Z" finished-at="2016-02-07T17:49:04Z">
          <reporter-output>
            <line>
              <![CDATA[STEP1]]>
            </line>
          </reporter-output>
        </test-method> <!-- setup -->
        <test-method status="PASS" signature="loadPage()[pri:0, instance:com.automation.main.TestCaseSearchCourseInMoveWindow@783e6358]" name="loadPage" duration-ms="10033" started-at="2016-02-07T17:49:04Z" finished-at="2016-02-07T17:49:14Z">
          <reporter-output>
            <line>
              <![CDATA[STEP2]]>
            </line>
          </reporter-output>
        </test-method> <!-- loadPage -->
        <test-method status="FAIL" signature="loginCourses()[pri:0, instance:com.automation.main.TestCaseSearchCourseInMoveWindow@783e6358]" name="loginCourses" duration-ms="65061" started-at="2016-02-07T17:49:14Z" description="Login course page" depends-on-methods="com.automation.main.TestCaseSearchCourseInMoveWindow.loadPage" finished-at="2016-02-07T17:50:19Z">
          <exception class="junit.framework.AssertionFailedError">
            <message>
              <![CDATA[timeout]]>
            </message>
            <full-stacktrace>
              <![CDATA[junit.framework.AssertionFailedError: timeout
	at junit.framework.Assert.fail(Assert.java:50)
	at com.automation.main.LoginHelperPage.loginCourses(LoginHelperPage.java:133)
	at com.automation.main.TestCaseSearchCourseInMoveWindow.loginCourses(TestCaseSearchCourseInMoveWindow.java:106)
	at sun.reflect.NativeMethodAccessorImpl.invoke0(Native Method)
	at sun.reflect.NativeMethodAccessorImpl.invoke(NativeMethodAccessorImpl.java:62)
	at sun.reflect.DelegatingMethodAccessorImpl.invoke(DelegatingMethodAccessorImpl.java:43)
	at java.lang.reflect.Method.invoke(Method.java:497)
	at org.testng.internal.MethodInvocationHelper.invokeMethod(MethodInvocationHelper.java:80)
	at org.testng.internal.Invoker.invokeMethod(Invoker.java:714)
	at org.testng.internal.Invoker.invokeTestMethod(Invoker.java:901)
	at org.testng.internal.Invoker.invokeTestMethods(Invoker.java:1231)
	at org.testng.internal.TestMethodWorker.invokeTestMethods(TestMethodWorker.java:127)
	at org.testng.internal.TestMethodWorker.run(TestMethodWorker.java:111)
	at org.testng.TestRunner.privateRun(TestRunner.java:767)
	at org.testng.TestRunner.run(TestRunner.java:617)
	at org.testng.SuiteRunner.runTest(SuiteRunner.java:334)
	at org.testng.SuiteRunner.runSequentially(SuiteRunner.java:329)
	at org.testng.SuiteRunner.privateRun(SuiteRunner.java:291)
	at org.testng.SuiteRunner.run(SuiteRunner.java:240)
	at org.testng.SuiteRunnerWorker.runSuite(SuiteRunnerWorker.java:52)
	at org.testng.SuiteRunnerWorker.run(SuiteRunnerWorker.java:86)
	at org.testng.TestNG.runSuitesSequentially(TestNG.java:1198)
	at org.testng.TestNG.runSuitesLocally(TestNG.java:1123)
	at org.testng.TestNG.run(TestNG.java:1031)
	at org.apache.maven.surefire.testng.TestNGExecutor.run(TestNGExecutor.java:282)
	at org.apache.maven.surefire.testng.TestNGXmlTestSuite.execute(TestNGXmlTestSuite.java:83)
	at org.apache.maven.surefire.testng.TestNGProvider.invoke(TestNGProvider.java:114)
	at org.apache.maven.surefire.booter.ForkedBooter.invokeProviderInSameClassLoader(ForkedBooter.java:286)
	at org.apache.maven.surefire.booter.ForkedBooter.runSuitesInProcess(ForkedBooter.java:240)
	at org.apache.maven.surefire.booter.ForkedBooter.main(ForkedBooter.java:121)
]]>
            </full-stacktrace>
          </exception> <!-- junit.framework.AssertionFailedError -->
          <reporter-output>
            <line>
              <![CDATA[STEP3]]>
            </line>
          </reporter-output>
        </test-method> <!-- loginCourses -->
      </class> <!-- com.automation.main.TestCaseSearchCourseInMoveWindow -->
    </test> <!-- Test -->
  </suite> <!-- Suite -->
</testng-results>
