<?xml version="1.0" encoding="UTF-8"?>
<!-- Generated by org.testng.reporters.JUnitXMLReporter -->
<testsuite hostname="Qa-Aut-Win8-1_64" name="Test" tests="3" failures="0" timestamp="20 Mar 2016 11:48:06 GMT" time="0.098" errors="0">
  <testcase name="@BeforeClass setup" time="0.0" classname="com.automation.main.PreTest">
    <failure type="java.lang.NullPointerException">
      <![CDATA[java.lang.NullPointerException
	at com.automation.main.DriverSelector.getDriver(DriverSelector.java:51)
	at com.automation.main.PreTest.setup(PreTest.java:77)
... Removed 24 stack frames]]>
    </failure>
  </testcase> <!-- @BeforeClass setup -->
  <testcase name="loadPage" time="0.021" classname="com.automation.main.PreTest">
    <skipped/>
  </testcase> <!-- loadPage -->
  <testcase name="testME" time="0.002" classname="com.automation.main.PreTest">
    <skipped/>
  </testcase> <!-- testME -->
  <testcase name="loginCourses" time="0.001" classname="com.automation.main.PreTest">
    <skipped/>
  </testcase> <!-- loginCourses -->
</testsuite> <!-- Test -->
